2025-12-08 20:54:25.153 DEBUG [restartedMain] o.s.boot.devtools.restart.Restarter - Creating new Restarter for thread Thread[main,5,main]
2025-12-08 20:54:25.154 DEBUG [restartedMain] o.s.boot.devtools.restart.Restarter - Immediately restarting application
2025-12-08 20:54:25.155 DEBUG [restartedMain] o.s.boot.devtools.restart.Restarter - Starting application org.ateam.oncare.Application with URLs [file:/D:/01_personal/01_boot_camp/01_project/01_oncare/on-care-be/build/classes/java/main/, file:/D:/01_personal/01_boot_camp/01_project/01_oncare/on-care-be/build/resources/main/]
2025-12-08 20:54:25.155 TRACE [restartedMain] o.s.b.s.RandomValuePropertySourceEnvironmentPostProcessor - RandomValuePropertySource add to Environment
2025-12-08 20:54:25.157 TRACE [restartedMain] o.s.b.c.c.ConfigDataEnvironmentPostProcessor - Post-processing environment to add config data
2025-12-08 20:54:25.157 TRACE [restartedMain] o.s.b.c.config.ConfigDataEnvironment - Building config data environment contributors
2025-12-08 20:54:25.157 TRACE [restartedMain] o.s.b.c.config.ConfigDataEnvironment - Creating wrapped config data contributor for 'configurationProperties'
2025-12-08 20:54:25.157 TRACE [restartedMain] o.s.b.c.config.ConfigDataEnvironment - Creating wrapped config data contributor for 'servletConfigInitParams'
2025-12-08 20:54:25.157 TRACE [restartedMain] o.s.b.c.config.ConfigDataEnvironment - Creating wrapped config data contributor for 'servletContextInitParams'
2025-12-08 20:54:25.157 TRACE [restartedMain] o.s.b.c.config.ConfigDataEnvironment - Creating wrapped config data contributor for 'systemProperties'
2025-12-08 20:54:25.157 TRACE [restartedMain] o.s.b.c.config.ConfigDataEnvironment - Creating wrapped config data contributor for 'systemEnvironment'
2025-12-08 20:54:25.157 TRACE [restartedMain] o.s.b.c.config.ConfigDataEnvironment - Creating wrapped config data contributor for 'random'
2025-12-08 20:54:25.157 TRACE [restartedMain] o.s.b.c.config.ConfigDataEnvironment - Creating wrapped config data contributor for 'applicationInfo'
2025-12-08 20:54:25.157 TRACE [restartedMain] o.s.b.c.config.ConfigDataEnvironment - Adding initial config data import from location 'optional:file:./;optional:file:./config/;optional:file:./config/*/'
2025-12-08 20:54:25.157 TRACE [restartedMain] o.s.b.c.config.ConfigDataEnvironment - Adding initial config data import from location 'optional:classpath:/;optional:classpath:/config/'
2025-12-08 20:54:25.157 TRACE [restartedMain] o.s.b.c.config.ConfigDataEnvironment - Processing initial config data environment contributors without activation context
2025-12-08 20:54:25.157 TRACE [restartedMain] o.s.b.c.c.ConfigDataEnvironmentContributors - Processing imports for phase BEFORE_PROFILE_ACTIVATION. no activation context
2025-12-08 20:54:25.157 TRACE [restartedMain] o.s.b.c.c.ConfigDataEnvironmentContributors - Processing imports [optional:file:./;optional:file:./config/;optional:file:./config/*/]
2025-12-08 20:54:25.157 TRACE [restartedMain] o.s.b.c.c.StandardConfigDataLocationResolver - Skipping missing resource file:./application.yaml
2025-12-08 20:54:25.157 TRACE [restartedMain] o.s.b.c.c.StandardConfigDataLocationResolver - Skipping missing resource file:./application.yml
2025-12-08 20:54:25.157 TRACE [restartedMain] o.s.b.c.c.StandardConfigDataLocationResolver - Skipping missing resource file:./application.xml
2025-12-08 20:54:25.157 TRACE [restartedMain] o.s.b.c.c.StandardConfigDataLocationResolver - Skipping missing resource file:./application.properties
2025-12-08 20:54:25.157 TRACE [restartedMain] o.s.b.c.c.StandardConfigDataLocationResolver - Skipping missing resource file:./config/application.yaml
2025-12-08 20:54:25.157 TRACE [restartedMain] o.s.b.c.c.StandardConfigDataLocationResolver - Skipping missing resource file:./config/application.yml
2025-12-08 20:54:25.158 TRACE [restartedMain] o.s.b.c.c.StandardConfigDataLocationResolver - Skipping missing resource file:./config/application.xml
2025-12-08 20:54:25.158 TRACE [restartedMain] o.s.b.c.c.StandardConfigDataLocationResolver - Skipping missing resource file:./config/application.properties
2025-12-08 20:54:25.158 TRACE [restartedMain] o.s.b.c.config.ConfigDataImporter - Considering resource file [.] from location optional:file:./;optional:file:./config/;optional:file:./config/*/
2025-12-08 20:54:25.158 TRACE [restartedMain] o.s.b.c.config.ConfigDataLoaders - Loading file [.] using loader org.springframework.boot.context.config.StandardConfigDataLoader
2025-12-08 20:54:25.158 TRACE [restartedMain] o.s.b.c.config.ConfigDataImporter - Loaded resource file [.] from location optional:file:./;optional:file:./config/;optional:file:./config/*/
2025-12-08 20:54:25.159 TRACE [restartedMain] o.s.b.c.c.ConfigDataEnvironmentContributors - Imported 1 resource [file [.]]
2025-12-08 20:54:25.159 TRACE [restartedMain] o.s.b.c.c.ConfigDataEnvironmentContributors - Processing imports [optional:classpath:/;optional:classpath:/config/]
2025-12-08 20:54:25.159 TRACE [restartedMain] o.s.b.c.c.StandardConfigDataLocationResolver - Skipping missing resource classpath:/application.yaml
2025-12-08 20:54:25.160 TRACE [restartedMain] o.s.b.c.c.StandardConfigDataLocationResolver - Skipping missing resource classpath:/application.xml
2025-12-08 20:54:25.160 TRACE [restartedMain] o.s.b.c.c.StandardConfigDataLocationResolver - Skipping missing resource classpath:/application.properties
2025-12-08 20:54:25.160 TRACE [restartedMain] o.s.b.c.c.StandardConfigDataLocationResolver - Skipping missing resource classpath:/config/application.yaml
2025-12-08 20:54:25.160 TRACE [restartedMain] o.s.b.c.c.StandardConfigDataLocationResolver - Skipping missing resource classpath:/config/application.yml
2025-12-08 20:54:25.160 TRACE [restartedMain] o.s.b.c.c.StandardConfigDataLocationResolver - Skipping missing resource classpath:/config/application.xml
2025-12-08 20:54:25.160 TRACE [restartedMain] o.s.b.c.c.StandardConfigDataLocationResolver - Skipping missing resource classpath:/config/application.properties
2025-12-08 20:54:25.160 TRACE [restartedMain] o.s.b.c.config.ConfigDataImporter - Considering resource class path resource [application.yml] from location optional:classpath:/;optional:classpath:/config/
2025-12-08 20:54:25.160 TRACE [restartedMain] o.s.b.c.config.ConfigDataLoaders - Loading class path resource [application.yml] using loader org.springframework.boot.context.config.StandardConfigDataLoader
2025-12-08 20:54:25.160 TRACE [restartedMain] o.s.b.c.config.ConfigDataImporter - Loaded resource class path resource [application.yml] from location optional:classpath:/;optional:classpath:/config/
2025-12-08 20:54:25.160 TRACE [restartedMain] o.s.b.c.c.ConfigDataEnvironmentContributors - Imported 1 resource [class path resource [application.yml]]
2025-12-08 20:54:25.161 TRACE [restartedMain] o.s.b.c.c.ConfigDataEnvironmentContributors - Processed imports for of 2 contributors
2025-12-08 20:54:25.161 TRACE [restartedMain] o.s.b.c.config.ConfigDataEnvironment - Creating config data activation context from initial contributions
2025-12-08 20:54:25.161 TRACE [restartedMain] o.s.b.c.config.ConfigDataEnvironment - Processing config data environment contributors with initial activation context
2025-12-08 20:54:25.162 TRACE [restartedMain] o.s.b.c.c.ConfigDataEnvironmentContributors - Processing imports for phase BEFORE_PROFILE_ACTIVATION. [ConfigDataActivationContext@6b06377 cloudPlatform = [null], profiles = [null]]
2025-12-08 20:54:25.162 TRACE [restartedMain] o.s.b.c.c.ConfigDataEnvironmentContributors - Processed imports for of 0 contributors
2025-12-08 20:54:25.162 TRACE [restartedMain] o.s.b.c.config.ConfigDataEnvironment - Deducing profiles from current config data environment contributors
2025-12-08 20:54:25.162 TRACE [restartedMain] o.s.b.c.config.ConfigDataEnvironment - Processing config data environment contributors with profile activation context
2025-12-08 20:54:25.163 TRACE [restartedMain] o.s.b.c.c.ConfigDataEnvironmentContributors - Processing imports for phase AFTER_PROFILE_ACTIVATION. [ConfigDataActivationContext@3cd15fba cloudPlatform = [null], profiles = [Profiles@a660573 active = '[dev]', default = '[default]', accepted = '[dev]']]
2025-12-08 20:54:25.163 TRACE [restartedMain] o.s.b.c.c.ConfigDataEnvironmentContributors - Processing imports [optional:file:./;optional:file:./config/;optional:file:./config/*/]
2025-12-08 20:54:25.163 TRACE [restartedMain] o.s.b.c.c.StandardConfigDataLocationResolver - Skipping missing resource file:./application.yaml
2025-12-08 20:54:25.163 TRACE [restartedMain] o.s.b.c.c.StandardConfigDataLocationResolver - Skipping missing resource file:./application.yml
2025-12-08 20:54:25.163 TRACE [restartedMain] o.s.b.c.c.StandardConfigDataLocationResolver - Skipping missing resource file:./application.xml
2025-12-08 20:54:25.163 TRACE [restartedMain] o.s.b.c.c.StandardConfigDataLocationResolver - Skipping missing resource file:./application.properties
2025-12-08 20:54:25.163 TRACE [restartedMain] o.s.b.c.c.StandardConfigDataLocationResolver - Skipping missing resource file:./config/application.yaml
2025-12-08 20:54:25.163 TRACE [restartedMain] o.s.b.c.c.StandardConfigDataLocationResolver - Skipping missing resource file:./config/application.yml
2025-12-08 20:54:25.163 TRACE [restartedMain] o.s.b.c.c.StandardConfigDataLocationResolver - Skipping missing resource file:./config/application.xml
2025-12-08 20:54:25.163 TRACE [restartedMain] o.s.b.c.c.StandardConfigDataLocationResolver - Skipping missing resource file:./config/application.properties
2025-12-08 20:54:25.163 TRACE [restartedMain] o.s.b.c.c.StandardConfigDataLocationResolver - Skipping missing resource file:./application-dev.yaml
2025-12-08 20:54:25.163 TRACE [restartedMain] o.s.b.c.c.StandardConfigDataLocationResolver - Skipping missing resource file:./application-dev.yml
2025-12-08 20:54:25.163 TRACE [restartedMain] o.s.b.c.c.StandardConfigDataLocationResolver - Skipping missing resource file:./application-dev.xml
2025-12-08 20:54:25.163 TRACE [restartedMain] o.s.b.c.c.StandardConfigDataLocationResolver - Skipping missing resource file:./application-dev.properties
2025-12-08 20:54:25.163 TRACE [restartedMain] o.s.b.c.c.StandardConfigDataLocationResolver - Skipping missing resource file:./config/application-dev.yaml
2025-12-08 20:54:25.163 TRACE [restartedMain] o.s.b.c.c.StandardConfigDataLocationResolver - Skipping missing resource file:./config/application-dev.yml
2025-12-08 20:54:25.163 TRACE [restartedMain] o.s.b.c.c.StandardConfigDataLocationResolver - Skipping missing resource file:./config/application-dev.xml
2025-12-08 20:54:25.163 TRACE [restartedMain] o.s.b.c.c.StandardConfigDataLocationResolver - Skipping missing resource file:./config/application-dev.properties
2025-12-08 20:54:25.163 TRACE [restartedMain] o.s.b.c.config.ConfigDataImporter - Considering resource file [.] from location optional:file:./;optional:file:./config/;optional:file:./config/*/
2025-12-08 20:54:25.163 TRACE [restartedMain] o.s.b.c.config.ConfigDataImporter - Already loaded resource file [.] ignoring location optional:file:./;optional:file:./config/;optional:file:./config/*/
2025-12-08 20:54:25.163 TRACE [restartedMain] o.s.b.c.config.ConfigDataImporter - Considering resource file [.] from location optional:file:./;optional:file:./config/;optional:file:./config/*/
2025-12-08 20:54:25.163 TRACE [restartedMain] o.s.b.c.config.ConfigDataImporter - Already loaded resource file [.] ignoring location optional:file:./;optional:file:./config/;optional:file:./config/*/
2025-12-08 20:54:25.163 TRACE [restartedMain] o.s.b.c.c.ConfigDataEnvironmentContributors - Nothing imported
2025-12-08 20:54:25.164 TRACE [restartedMain] o.s.b.c.c.ConfigDataEnvironmentContributors - Processing imports [optional:classpath:/;optional:classpath:/config/]
2025-12-08 20:54:25.164 TRACE [restartedMain] o.s.b.c.c.StandardConfigDataLocationResolver - Skipping missing resource classpath:/application.yaml
2025-12-08 20:54:25.164 TRACE [restartedMain] o.s.b.c.c.StandardConfigDataLocationResolver - Skipping missing resource classpath:/application.xml
2025-12-08 20:54:25.164 TRACE [restartedMain] o.s.b.c.c.StandardConfigDataLocationResolver - Skipping missing resource classpath:/application.properties
2025-12-08 20:54:25.164 TRACE [restartedMain] o.s.b.c.c.StandardConfigDataLocationResolver - Skipping missing resource classpath:/config/application.yaml
2025-12-08 20:54:25.164 TRACE [restartedMain] o.s.b.c.c.StandardConfigDataLocationResolver - Skipping missing resource classpath:/config/application.yml
2025-12-08 20:54:25.164 TRACE [restartedMain] o.s.b.c.c.StandardConfigDataLocationResolver - Skipping missing resource classpath:/config/application.xml
2025-12-08 20:54:25.164 TRACE [restartedMain] o.s.b.c.c.StandardConfigDataLocationResolver - Skipping missing resource classpath:/config/application.properties
2025-12-08 20:54:25.164 TRACE [restartedMain] o.s.b.c.c.StandardConfigDataLocationResolver - Skipping missing resource classpath:/application-dev.yaml
2025-12-08 20:54:25.164 TRACE [restartedMain] o.s.b.c.c.StandardConfigDataLocationResolver - Skipping missing resource classpath:/application-dev.xml
2025-12-08 20:54:25.164 TRACE [restartedMain] o.s.b.c.c.StandardConfigDataLocationResolver - Skipping missing resource classpath:/application-dev.properties
2025-12-08 20:54:25.164 TRACE [restartedMain] o.s.b.c.c.StandardConfigDataLocationResolver - Skipping missing resource classpath:/config/application-dev.yaml
2025-12-08 20:54:25.164 TRACE [restartedMain] o.s.b.c.c.StandardConfigDataLocationResolver - Skipping missing resource classpath:/config/application-dev.yml
2025-12-08 20:54:25.164 TRACE [restartedMain] o.s.b.c.c.StandardConfigDataLocationResolver - Skipping missing resource classpath:/config/application-dev.xml
2025-12-08 20:54:25.164 TRACE [restartedMain] o.s.b.c.c.StandardConfigDataLocationResolver - Skipping missing resource classpath:/config/application-dev.properties
2025-12-08 20:54:25.164 TRACE [restartedMain] o.s.b.c.config.ConfigDataImporter - Considering resource class path resource [application-dev.yml] from location optional:classpath:/;optional:classpath:/config/
2025-12-08 20:54:25.164 TRACE [restartedMain] o.s.b.c.config.ConfigDataLoaders - Loading class path resource [application-dev.yml] using loader org.springframework.boot.context.config.StandardConfigDataLoader
2025-12-08 20:54:25.164 TRACE [restartedMain] o.s.b.c.config.ConfigDataImporter - Loaded resource class path resource [application-dev.yml] from location optional:classpath:/;optional:classpath:/config/
2025-12-08 20:54:25.164 TRACE [restartedMain] o.s.b.c.config.ConfigDataImporter - Considering resource class path resource [application.yml] from location optional:classpath:/;optional:classpath:/config/
2025-12-08 20:54:25.164 TRACE [restartedMain] o.s.b.c.config.ConfigDataImporter - Already loaded resource class path resource [application.yml] ignoring location optional:classpath:/;optional:classpath:/config/
2025-12-08 20:54:25.164 TRACE [restartedMain] o.s.b.c.c.ConfigDataEnvironmentContributors - Imported 1 resource [class path resource [application-dev.yml]]
2025-12-08 20:54:25.164 TRACE [restartedMain] o.s.b.c.c.ConfigDataEnvironmentContributors - Processed imports for of 2 contributors
2025-12-08 20:54:25.164 TRACE [restartedMain] o.s.b.c.config.ConfigDataEnvironment - Applying config data environment contributions
2025-12-08 20:54:25.164 TRACE [restartedMain] o.s.b.c.config.ConfigDataEnvironment - Adding imported property source 'Config resource 'class path resource [application-dev.yml]' via location 'optional:classpath:/''
2025-12-08 20:54:25.164 TRACE [restartedMain] o.s.b.c.config.ConfigDataEnvironment - Adding imported property source 'Config resource 'class path resource [application.yml]' via location 'optional:classpath:/''
2025-12-08 20:54:25.164 TRACE [restartedMain] o.s.b.c.config.ConfigDataEnvironment - Setting default profiles: [default]
2025-12-08 20:54:25.164 TRACE [restartedMain] o.s.b.c.config.ConfigDataEnvironment - Setting active profiles: [dev]
2025-12-08 20:54:25.165 TRACE [restartedMain] o.s.c.i.s.SpringFactoriesLoader - Loaded [org.springframework.boot.SpringBootExceptionReporter] names: [org.springframework.boot.diagnostics.FailureAnalyzers]
2025-12-08 20:54:25.165 TRACE [restartedMain] o.s.c.i.s.SpringFactoriesLoader - Loaded [org.springframework.boot.diagnostics.FailureAnalyzer] names: [org.springframework.boot.jdbc.autoconfigure.DataSourceBeanCreationFailureAnalyzer, org.springframework.boot.jdbc.autoconfigure.HikariDriverConfigurationFailureAnalyzer, org.springframework.boot.autoconfigure.diagnostics.analyzer.NoSuchBeanDefinitionFailureAnalyzer, org.springframework.boot.autoconfigure.ssl.BundleContentNotWatchableFailureAnalyzer, org.springframework.boot.context.config.ConfigDataNotFoundFailureAnalyzer, org.springframework.boot.context.properties.IncompatibleConfigurationFailureAnalyzer, org.springframework.boot.context.properties.NotConstructorBoundInjectionFailureAnalyzer, org.springframework.boot.diagnostics.analyzer.AotInitializerNotFoundFailureAnalyzer, org.springframework.boot.diagnostics.analyzer.BeanCurrentlyInCreationFailureAnalyzer, org.springframework.boot.diagnostics.analyzer.BeanDefinitionOverrideFailureAnalyzer, org.springframework.boot.diagnostics.analyzer.BeanNotOfRequiredTypeFailureAnalyzer, org.springframework.boot.diagnostics.analyzer.BindFailureAnalyzer, org.springframework.boot.diagnostics.analyzer.BindValidationFailureAnalyzer, org.springframework.boot.diagnostics.analyzer.InvalidConfigurationPropertyNameFailureAnalyzer, org.springframework.boot.diagnostics.analyzer.InvalidConfigurationPropertyValueFailureAnalyzer, org.springframework.boot.diagnostics.analyzer.MissingParameterNamesFailureAnalyzer, org.springframework.boot.diagnostics.analyzer.MutuallyExclusiveConfigurationPropertiesFailureAnalyzer, org.springframework.boot.diagnostics.analyzer.NoSuchMethodFailureAnalyzer, org.springframework.boot.diagnostics.analyzer.NoUniqueBeanDefinitionFailureAnalyzer, org.springframework.boot.diagnostics.analyzer.PatternParseFailureAnalyzer, org.springframework.boot.diagnostics.analyzer.UnboundConfigurationPropertyFailureAnalyzer, org.springframework.boot.diagnostics.analyzer.ValidationExceptionFailureAnalyzer, org.springframework.boot.tomcat.ConnectorStartFailureAnalyzer, org.springframework.boot.web.server.PortInUseFailureAnalyzer, org.springframework.boot.web.server.context.MissingWebServerFactoryBeanFailureAnalyzer]
2025-12-08 20:54:25.167 TRACE [restartedMain] o.s.b.diagnostics.FailureAnalyzers - Unable to instantiate factory class [org.springframework.boot.autoconfigure.diagnostics.analyzer.NoSuchBeanDefinitionFailureAnalyzer] for factory type [org.springframework.boot.diagnostics.FailureAnalyzer]
java.lang.reflect.InvocationTargetException: null
	at java.base/jdk.internal.reflect.NativeConstructorAccessorImpl.newInstance0(Native Method)
	at java.base/jdk.internal.reflect.NativeConstructorAccessorImpl.newInstance(NativeConstructorAccessorImpl.java:77)
	at java.base/jdk.internal.reflect.DelegatingConstructorAccessorImpl.newInstance(DelegatingConstructorAccessorImpl.java:45)
	at java.base/java.lang.reflect.Constructor.newInstanceWithCaller(Constructor.java:499)
	at java.base/java.lang.reflect.Constructor.newInstance(Constructor.java:480)
	at org.springframework.core.io.support.SpringFactoriesLoader$FactoryInstantiator.instantiate(SpringFactoriesLoader.java:378)
	at org.springframework.core.io.support.SpringFactoriesLoader.instantiateFactory(SpringFactoriesLoader.java:222)
	at org.springframework.core.io.support.SpringFactoriesLoader.load(SpringFactoriesLoader.java:201)
	at org.springframework.boot.diagnostics.FailureAnalyzers.loadFailureAnalyzers(FailureAnalyzers.java:67)
	at org.springframework.boot.diagnostics.FailureAnalyzers.<init>(FailureAnalyzers.java:62)
	at org.springframework.boot.diagnostics.FailureAnalyzers.<init>(FailureAnalyzers.java:56)
	at java.base/jdk.internal.reflect.NativeConstructorAccessorImpl.newInstance0(Native Method)
	at java.base/jdk.internal.reflect.NativeConstructorAccessorImpl.newInstance(NativeConstructorAccessorImpl.java:77)
	at java.base/jdk.internal.reflect.DelegatingConstructorAccessorImpl.newInstance(DelegatingConstructorAccessorImpl.java:45)
	at java.base/java.lang.reflect.Constructor.newInstanceWithCaller(Constructor.java:499)
	at java.base/java.lang.reflect.Constructor.newInstance(Constructor.java:480)
	at org.springframework.core.io.support.SpringFactoriesLoader$FactoryInstantiator.instantiate(SpringFactoriesLoader.java:378)
	at org.springframework.core.io.support.SpringFactoriesLoader.instantiateFactory(SpringFactoriesLoader.java:222)
	at org.springframework.core.io.support.SpringFactoriesLoader.load(SpringFactoriesLoader.java:201)
	at org.springframework.core.io.support.SpringFactoriesLoader.load(SpringFactoriesLoader.java:157)
	at org.springframework.boot.SpringApplication.getSpringFactoriesInstances(SpringApplication.java:481)
	at org.springframework.boot.SpringApplication.getExceptionReporters(SpringApplication.java:844)
	at org.springframework.boot.SpringApplication.handleRunFailure(SpringApplication.java:825)
	at org.springframework.boot.SpringApplication.run(SpringApplication.java:331)
	at org.springframework.boot.SpringApplication.run(SpringApplication.java:1374)
	at org.springframework.boot.SpringApplication.run(SpringApplication.java:1363)
	at org.ateam.oncare.Application.main(Application.java:10)
	at java.base/jdk.internal.reflect.NativeMethodAccessorImpl.invoke0(Native Method)
	at java.base/jdk.internal.reflect.NativeMethodAccessorImpl.invoke(NativeMethodAccessorImpl.java:77)
	at java.base/jdk.internal.reflect.DelegatingMethodAccessorImpl.invoke(DelegatingMethodAccessorImpl.java:43)
	at java.base/java.lang.reflect.Method.invoke(Method.java:568)
	at org.springframework.boot.devtools.restart.RestartLauncher.run(RestartLauncher.java:52)
Caused by: java.lang.IllegalArgumentException: 'beanFactory' must be a ConfigurableListableBeanFactory
	at org.springframework.util.Assert.isTrue(Assert.java:117)
	at org.springframework.boot.autoconfigure.diagnostics.analyzer.NoSuchBeanDefinitionFailureAnalyzer.<init>(NoSuchBeanDefinitionFailureAnalyzer.java:70)
	... 32 common frames omitted
2025-12-08 20:54:25.172 TRACE [restartedMain] o.s.b.diagnostics.FailureAnalyzers - Unable to instantiate factory class [org.springframework.boot.diagnostics.analyzer.NoUniqueBeanDefinitionFailureAnalyzer] for factory type [org.springframework.boot.diagnostics.FailureAnalyzer]
java.lang.reflect.InvocationTargetException: null
	at java.base/jdk.internal.reflect.NativeConstructorAccessorImpl.newInstance0(Native Method)
	at java.base/jdk.internal.reflect.NativeConstructorAccessorImpl.newInstance(NativeConstructorAccessorImpl.java:77)
	at java.base/jdk.internal.reflect.DelegatingConstructorAccessorImpl.newInstance(DelegatingConstructorAccessorImpl.java:45)
	at java.base/java.lang.reflect.Constructor.newInstanceWithCaller(Constructor.java:499)
	at java.base/java.lang.reflect.Constructor.newInstance(Constructor.java:480)
	at org.springframework.core.io.support.SpringFactoriesLoader$FactoryInstantiator.instantiate(SpringFactoriesLoader.java:378)
	at org.springframework.core.io.support.SpringFactoriesLoader.instantiateFactory(SpringFactoriesLoader.java:222)
	at org.springframework.core.io.support.SpringFactoriesLoader.load(SpringFactoriesLoader.java:201)
	at org.springframework.boot.diagnostics.FailureAnalyzers.loadFailureAnalyzers(FailureAnalyzers.java:67)
	at org.springframework.boot.diagnostics.FailureAnalyzers.<init>(FailureAnalyzers.java:62)
	at org.springframework.boot.diagnostics.FailureAnalyzers.<init>(FailureAnalyzers.java:56)
	at java.base/jdk.internal.reflect.NativeConstructorAccessorImpl.newInstance0(Native Method)
	at java.base/jdk.internal.reflect.NativeConstructorAccessorImpl.newInstance(NativeConstructorAccessorImpl.java:77)
	at java.base/jdk.internal.reflect.DelegatingConstructorAccessorImpl.newInstance(DelegatingConstructorAccessorImpl.java:45)
	at java.base/java.lang.reflect.Constructor.newInstanceWithCaller(Constructor.java:499)
	at java.base/java.lang.reflect.Constructor.newInstance(Constructor.java:480)
	at org.springframework.core.io.support.SpringFactoriesLoader$FactoryInstantiator.instantiate(SpringFactoriesLoader.java:378)
	at org.springframework.core.io.support.SpringFactoriesLoader.instantiateFactory(SpringFactoriesLoader.java:222)
	at org.springframework.core.io.support.SpringFactoriesLoader.load(SpringFactoriesLoader.java:201)
	at org.springframework.core.io.support.SpringFactoriesLoader.load(SpringFactoriesLoader.java:157)
	at org.springframework.boot.SpringApplication.getSpringFactoriesInstances(SpringApplication.java:481)
	at org.springframework.boot.SpringApplication.getExceptionReporters(SpringApplication.java:844)
	at org.springframework.boot.SpringApplication.handleRunFailure(SpringApplication.java:825)
	at org.springframework.boot.SpringApplication.run(SpringApplication.java:331)
	at org.springframework.boot.SpringApplication.run(SpringApplication.java:1374)
	at org.springframework.boot.SpringApplication.run(SpringApplication.java:1363)
	at org.ateam.oncare.Application.main(Application.java:10)
	at java.base/jdk.internal.reflect.NativeMethodAccessorImpl.invoke0(Native Method)
	at java.base/jdk.internal.reflect.NativeMethodAccessorImpl.invoke(NativeMethodAccessorImpl.java:77)
	at java.base/jdk.internal.reflect.DelegatingMethodAccessorImpl.invoke(DelegatingMethodAccessorImpl.java:43)
	at java.base/java.lang.reflect.Method.invoke(Method.java:568)
	at org.springframework.boot.devtools.restart.RestartLauncher.run(RestartLauncher.java:52)
Caused by: java.lang.IllegalArgumentException: Object of class [null] must be an instance of interface org.springframework.beans.factory.config.ConfigurableBeanFactory
	at org.springframework.util.Assert.instanceCheckFailed(Assert.java:619)
	at org.springframework.util.Assert.isInstanceOf(Assert.java:514)
	at org.springframework.util.Assert.isInstanceOf(Assert.java:547)
	at org.springframework.boot.diagnostics.analyzer.NoUniqueBeanDefinitionFailureAnalyzer.<init>(NoUniqueBeanDefinitionFailureAnalyzer.java:42)
	... 32 common frames omitted
2025-12-08 20:54:25.177 TRACE [restartedMain] o.s.c.i.s.SpringFactoriesLoader - Loaded [org.springframework.boot.diagnostics.FailureAnalysisReporter] names: [org.springframework.boot.diagnostics.LoggingFailureAnalysisReporter]
2025-12-08 20:54:25.177 ERROR [restartedMain] o.s.boot.SpringApplication - Application run failed
java.lang.IllegalStateException: java.lang.IllegalStateException: Logback configuration error detected: 
ERROR in ch.qos.logback.core.rolling.RollingFileAppender[INFO_FILE] - 'File' option has the same value "LOG_HOME_IS_UNDEFINED/current/all.log" as that given for appender [ALL_FILE] defined earlier.
ERROR in ch.qos.logback.core.rolling.RollingFileAppender[INFO_FILE] - Collisions detected with FileAppender/RollingAppender instances defined earlier. Aborting.
ERROR in ch.qos.logback.core.rolling.RollingFileAppender[INFO_FILE] - For more information, please visit https://logback.qos.ch/codes.html#earlier_fa_collision
ERROR in ch.qos.logback.core.rolling.RollingFileAppender[WARN_FILE] - 'File' option has the same value "LOG_HOME_IS_UNDEFINED/current/all.log" as that given for appender [INFO_FILE] defined earlier.
ERROR in ch.qos.logback.core.rolling.RollingFileAppender[WARN_FILE] - 'File' option has the same value "LOG_HOME_IS_UNDEFINED/current/all.log" as that given for appender [ALL_FILE] defined earlier.
ERROR in ch.qos.logback.core.rolling.RollingFileAppender[WARN_FILE] - Collisions detected with FileAppender/RollingAppender instances defined earlier. Aborting.
ERROR in ch.qos.logback.core.rolling.RollingFileAppender[WARN_FILE] - For more information, please visit https://logback.qos.ch/codes.html#earlier_fa_collision
ERROR in ch.qos.logback.core.rolling.RollingFileAppender[ERROR_FILE] - 'File' option has the same value "LOG_HOME_IS_UNDEFINED/current/all.log" as that given for appender [INFO_FILE] defined earlier.
ERROR in ch.qos.logback.core.rolling.RollingFileAppender[ERROR_FILE] - 'File' option has the same value "LOG_HOME_IS_UNDEFINED/current/all.log" as that given for appender [WARN_FILE] defined earlier.
ERROR in ch.qos.logback.core.rolling.RollingFileAppender[ERROR_FILE] - 'File' option has the same value "LOG_HOME_IS_UNDEFINED/current/all.log" as that given for appender [ALL_FILE] defined earlier.
ERROR in ch.qos.logback.core.rolling.RollingFileAppender[ERROR_FILE] - Collisions detected with FileAppender/RollingAppender instances defined earlier. Aborting.
ERROR in ch.qos.logback.core.rolling.RollingFileAppender[ERROR_FILE] - For more information, please visit https://logback.qos.ch/codes.html#earlier_fa_collision
ERROR in ch.qos.logback.core.rolling.RollingFileAppender[DEBUG_FILE] - 'File' option has the same value "LOG_HOME_IS_UNDEFINED/current/all.log" as that given for appender [INFO_FILE] defined earlier.
ERROR in ch.qos.logback.core.rolling.RollingFileAppender[DEBUG_FILE] - 'File' option has the same value "LOG_HOME_IS_UNDEFINED/current/all.log" as that given for appender [WARN_FILE] defined earlier.
ERROR in ch.qos.logback.core.rolling.RollingFileAppender[DEBUG_FILE] - 'File' option has the same value "LOG_HOME_IS_UNDEFINED/current/all.log" as that given for appender [ALL_FILE] defined earlier.
ERROR in ch.qos.logback.core.rolling.RollingFileAppender[DEBUG_FILE] - 'File' option has the same value "LOG_HOME_IS_UNDEFINED/current/all.log" as that given for appender [ERROR_FILE] defined earlier.
ERROR in ch.qos.logback.core.rolling.RollingFileAppender[DEBUG_FILE] - Collisions detected with FileAppender/RollingAppender instances defined earlier. Aborting.
ERROR in ch.qos.logback.core.rolling.RollingFileAppender[DEBUG_FILE] - For more information, please visit https://logback.qos.ch/codes.html#earlier_fa_collision
	at org.springframework.boot.context.logging.LoggingApplicationListener.initializeSystem(LoggingApplicationListener.java:352)
	at org.springframework.boot.context.logging.LoggingApplicationListener.initialize(LoggingApplicationListener.java:302)
	at org.springframework.boot.context.logging.LoggingApplicationListener.onApplicationEnvironmentPreparedEvent(LoggingApplicationListener.java:248)
	at org.springframework.boot.context.logging.LoggingApplicationListener.onApplicationEvent(LoggingApplicationListener.java:225)
	at org.springframework.context.event.SimpleApplicationEventMulticaster.doInvokeListener(SimpleApplicationEventMulticaster.java:180)
	at org.springframework.context.event.SimpleApplicationEventMulticaster.invokeListener(SimpleApplicationEventMulticaster.java:173)
	at org.springframework.context.event.SimpleApplicationEventMulticaster.multicastEvent(SimpleApplicationEventMulticaster.java:151)
	at org.springframework.context.event.SimpleApplicationEventMulticaster.multicastEvent(SimpleApplicationEventMulticaster.java:133)
	at org.springframework.boot.context.event.EventPublishingRunListener.multicastInitialEvent(EventPublishingRunListener.java:137)
	at org.springframework.boot.context.event.EventPublishingRunListener.environmentPrepared(EventPublishingRunListener.java:82)
	at org.springframework.boot.SpringApplicationRunListeners.lambda$environmentPrepared$0(SpringApplicationRunListeners.java:66)
	at java.base/java.lang.Iterable.forEach(Iterable.java:75)
	at org.springframework.boot.SpringApplicationRunListeners.doWithListeners(SpringApplicationRunListeners.java:123)
	at org.springframework.boot.SpringApplicationRunListeners.doWithListeners(SpringApplicationRunListeners.java:117)
	at org.springframework.boot.SpringApplicationRunListeners.environmentPrepared(SpringApplicationRunListeners.java:65)
	at org.springframework.boot.SpringApplication.prepareEnvironment(SpringApplication.java:356)
	at org.springframework.boot.SpringApplication.run(SpringApplication.java:316)
	at org.springframework.boot.SpringApplication.run(SpringApplication.java:1374)
	at org.springframework.boot.SpringApplication.run(SpringApplication.java:1363)
	at org.ateam.oncare.Application.main(Application.java:10)
	at java.base/jdk.internal.reflect.NativeMethodAccessorImpl.invoke0(Native Method)
	at java.base/jdk.internal.reflect.NativeMethodAccessorImpl.invoke(NativeMethodAccessorImpl.java:77)
	at java.base/jdk.internal.reflect.DelegatingMethodAccessorImpl.invoke(DelegatingMethodAccessorImpl.java:43)
	at java.base/java.lang.reflect.Method.invoke(Method.java:568)
	at org.springframework.boot.devtools.restart.RestartLauncher.run(RestartLauncher.java:52)
Caused by: java.lang.IllegalStateException: Logback configuration error detected: 
ERROR in ch.qos.logback.core.rolling.RollingFileAppender[INFO_FILE] - 'File' option has the same value "LOG_HOME_IS_UNDEFINED/current/all.log" as that given for appender [ALL_FILE] defined earlier.
ERROR in ch.qos.logback.core.rolling.RollingFileAppender[INFO_FILE] - Collisions detected with FileAppender/RollingAppender instances defined earlier. Aborting.
ERROR in ch.qos.logback.core.rolling.RollingFileAppender[INFO_FILE] - For more information, please visit https://logback.qos.ch/codes.html#earlier_fa_collision
ERROR in ch.qos.logback.core.rolling.RollingFileAppender[WARN_FILE] - 'File' option has the same value "LOG_HOME_IS_UNDEFINED/current/all.log" as that given for appender [INFO_FILE] defined earlier.
ERROR in ch.qos.logback.core.rolling.RollingFileAppender[WARN_FILE] - 'File' option has the same value "LOG_HOME_IS_UNDEFINED/current/all.log" as that given for appender [ALL_FILE] defined earlier.
ERROR in ch.qos.logback.core.rolling.RollingFileAppender[WARN_FILE] - Collisions detected with FileAppender/RollingAppender instances defined earlier. Aborting.
ERROR in ch.qos.logback.core.rolling.RollingFileAppender[WARN_FILE] - For more information, please visit https://logback.qos.ch/codes.html#earlier_fa_collision
ERROR in ch.qos.logback.core.rolling.RollingFileAppender[ERROR_FILE] - 'File' option has the same value "LOG_HOME_IS_UNDEFINED/current/all.log" as that given for appender [INFO_FILE] defined earlier.
ERROR in ch.qos.logback.core.rolling.RollingFileAppender[ERROR_FILE] - 'File' option has the same value "LOG_HOME_IS_UNDEFINED/current/all.log" as that given for appender [WARN_FILE] defined earlier.
ERROR in ch.qos.logback.core.rolling.RollingFileAppender[ERROR_FILE] - 'File' option has the same value "LOG_HOME_IS_UNDEFINED/current/all.log" as that given for appender [ALL_FILE] defined earlier.
ERROR in ch.qos.logback.core.rolling.RollingFileAppender[ERROR_FILE] - Collisions detected with FileAppender/RollingAppender instances defined earlier. Aborting.
ERROR in ch.qos.logback.core.rolling.RollingFileAppender[ERROR_FILE] - For more information, please visit https://logback.qos.ch/codes.html#earlier_fa_collision
ERROR in ch.qos.logback.core.rolling.RollingFileAppender[DEBUG_FILE] - 'File' option has the same value "LOG_HOME_IS_UNDEFINED/current/all.log" as that given for appender [INFO_FILE] defined earlier.
ERROR in ch.qos.logback.core.rolling.RollingFileAppender[DEBUG_FILE] - 'File' option has the same value "LOG_HOME_IS_UNDEFINED/current/all.log" as that given for appender [WARN_FILE] defined earlier.
ERROR in ch.qos.logback.core.rolling.RollingFileAppender[DEBUG_FILE] - 'File' option has the same value "LOG_HOME_IS_UNDEFINED/current/all.log" as that given for appender [ALL_FILE] defined earlier.
ERROR in ch.qos.logback.core.rolling.RollingFileAppender[DEBUG_FILE] - 'File' option has the same value "LOG_HOME_IS_UNDEFINED/current/all.log" as that given for appender [ERROR_FILE] defined earlier.
ERROR in ch.qos.logback.core.rolling.RollingFileAppender[DEBUG_FILE] - Collisions detected with FileAppender/RollingAppender instances defined earlier. Aborting.
ERROR in ch.qos.logback.core.rolling.RollingFileAppender[DEBUG_FILE] - For more information, please visit https://logback.qos.ch/codes.html#earlier_fa_collision
	at org.springframework.boot.logging.logback.LogbackLoggingSystem.reportConfigurationErrorsIfNecessary(LogbackLoggingSystem.java:296)
	at org.springframework.boot.logging.logback.LogbackLoggingSystem.loadConfiguration(LogbackLoggingSystem.java:274)
	at org.springframework.boot.logging.AbstractLoggingSystem.initializeWithConventions(AbstractLoggingSystem.java:86)
	at org.springframework.boot.logging.AbstractLoggingSystem.initialize(AbstractLoggingSystem.java:65)
	at org.springframework.boot.logging.logback.LogbackLoggingSystem.initialize(LogbackLoggingSystem.java:197)
	at org.springframework.boot.context.logging.LoggingApplicationListener.initializeSystem(LoggingApplicationListener.java:337)
	... 24 common frames omitted
2025-12-08 20:54:25.180 TRACE [Thread-0] o.s.c.i.s.SpringFactoriesLoader - Loaded [org.springframework.beans.BeanInfoFactory] names: [org.springframework.data.util.KotlinBeanInfoFactory]
